C:\RSDKV4-PS3\RSDKV4-PS3\RSDKV4\LIBIVORBIS\PS3_RELEASE\BLOCK.O
C:\RSDKV4-PS3\RSDKV4-PS3\RSDKV4\LIBIVORBIS\PS3_RELEASE\CODEBOOK.O
C:\RSDKV4-PS3\RSDKV4-PS3\RSDKV4\LIBIVORBIS\PS3_RELEASE\FLOOR0.O
C:\RSDKV4-PS3\RSDKV4-PS3\RSDKV4\LIBIVORBIS\PS3_RELEASE\FLOOR1.O
C:\RSDKV4-PS3\RSDKV4-PS3\RSDKV4\LIBIVORBIS\PS3_RELEASE\INFO.O
C:\RSDKV4-PS3\RSDKV4-PS3\RSDKV4\LIBIVORBIS\PS3_RELEASE\MAPPING0.O
C:\RSDKV4-PS3\RSDKV4-PS3\RSDKV4\LIBIVORBIS\PS3_RELEASE\MDCT.O
C:\RSDKV4-PS3\RSDKV4-PS3\RSDKV4\LIBIVORBIS\PS3_RELEASE\REGISTRY.O
C:\RSDKV4-PS3\RSDKV4-PS3\RSDKV4\LIBIVORBIS\PS3_RELEASE\RES012.O
C:\RSDKV4-PS3\RSDKV4-PS3\RSDKV4\LIBIVORBIS\PS3_RELEASE\SHAREDBOOK.O
C:\RSDKV4-PS3\RSDKV4-PS3\RSDKV4\LIBIVORBIS\PS3_RELEASE\SYNTHESIS.O
C:\RSDKV4-PS3\RSDKV4-PS3\RSDKV4\LIBIVORBIS\PS3_RELEASE\VORBISFILE.O
C:\RSDKV4-PS3\RSDKV4-PS3\RSDKV4\LIBIVORBIS\PS3_RELEASE\WINDOW.O
C:\RSDKV4-PS3\RSDKV4-PS3\RSDKV4\PS3_RELEASE\LIBIVORBIS.A
C:\RSDKv4-PS3\RSDKv4-PS3\RSDKv4\libivorbis\PS3_Release\block.o
C:\RSDKv4-PS3\RSDKv4-PS3\RSDKv4\libivorbis\PS3_Release\codebook.o
C:\RSDKv4-PS3\RSDKv4-PS3\RSDKv4\libivorbis\PS3_Release\floor0.o
C:\RSDKv4-PS3\RSDKv4-PS3\RSDKv4\libivorbis\PS3_Release\floor1.o
C:\RSDKv4-PS3\RSDKv4-PS3\RSDKv4\libivorbis\PS3_Release\info.o
C:\RSDKv4-PS3\RSDKv4-PS3\RSDKv4\libivorbis\PS3_Release\mapping0.o
C:\RSDKv4-PS3\RSDKv4-PS3\RSDKv4\libivorbis\PS3_Release\mdct.o
C:\RSDKv4-PS3\RSDKv4-PS3\RSDKv4\libivorbis\PS3_Release\registry.o
C:\RSDKv4-PS3\RSDKv4-PS3\RSDKv4\libivorbis\PS3_Release\res012.o
C:\RSDKv4-PS3\RSDKv4-PS3\RSDKv4\libivorbis\PS3_Release\sharedbook.o
C:\RSDKv4-PS3\RSDKv4-PS3\RSDKv4\libivorbis\PS3_Release\synthesis.o
C:\RSDKv4-PS3\RSDKv4-PS3\RSDKv4\libivorbis\PS3_Release\vorbisfile.o
C:\RSDKv4-PS3\RSDKv4-PS3\RSDKv4\libivorbis\PS3_Release\window.o
C:\RSDKv4-PS3\RSDKv4-PS3\RSDKv4\libivorbis\PS3_Release\ps3ppusnc.command.1.tlog
C:\RSDKv4-PS3\RSDKv4-PS3\RSDKv4\libivorbis\PS3_Release\ps3ppusnc.read.1.tlog
C:\RSDKv4-PS3\RSDKv4-PS3\RSDKv4\libivorbis\PS3_Release\ps3ppusnc.write.1.tlog
C:\RSDKv4-PS3\RSDKv4-PS3\RSDKv4\libivorbis\PS3_Release\ps3snarl.command.1.tlog
C:\RSDKv4-PS3\RSDKv4-PS3\RSDKv4\libivorbis\PS3_Release\ps3snarl.read.1.tlog
C:\RSDKv4-PS3\RSDKv4-PS3\RSDKv4\libivorbis\PS3_Release\ps3snarl.write.1.tlog
C:\RSDKv4-PS3\RSDKv4-PS3\RSDKv4\PS3_Release\libivorbis.a
