C:\RSDKV4-PS3\RSDKV4-PS3\RSDKV4\PS3_RELEASE\RSDKV4.ELF
C:\RSDKV4-PS3\RSDKV4-PS3\RSDKV4\RSDKV4\PS3_RELEASE\ANIMATION.O
C:\RSDKV4-PS3\RSDKV4-PS3\RSDKV4\RSDKV4\PS3_RELEASE\AUDIO.O
C:\RSDKV4-PS3\RSDKV4-PS3\RSDKV4\RSDKV4\PS3_RELEASE\AUDIOPS3.O
C:\RSDKV4-PS3\RSDKV4-PS3\RSDKV4\RSDKV4\PS3_RELEASE\BACKGROUNDLOADER.O
C:\RSDKV4-PS3\RSDKV4-PS3\RSDKV4\RSDKV4\PS3_RELEASE\COLLISION.O
C:\RSDKV4-PS3\RSDKV4-PS3\RSDKV4\RSDKV4\PS3_RELEASE\DRAWING.O
C:\RSDKV4-PS3\RSDKV4-PS3\RSDKV4\RSDKV4\PS3_RELEASE\FCASEOPEN.O
C:\RSDKV4-PS3\RSDKV4-PS3\RSDKV4\RSDKV4\PS3_RELEASE\INI.O
C:\RSDKV4-PS3\RSDKV4-PS3\RSDKV4\RSDKV4\PS3_RELEASE\INPUT.O
C:\RSDKV4-PS3\RSDKV4-PS3\RSDKV4\RSDKV4\PS3_RELEASE\MAIN.O
C:\RSDKV4-PS3\RSDKV4-PS3\RSDKV4\RSDKV4\PS3_RELEASE\MATH.O
C:\RSDKV4-PS3\RSDKV4-PS3\RSDKV4\RSDKV4\PS3_RELEASE\MODAPI.O
C:\RSDKV4-PS3\RSDKV4-PS3\RSDKV4\RSDKV4\PS3_RELEASE\ALL.O
C:\RSDKV4-PS3\RSDKV4-PS3\RSDKV4\RSDKV4\PS3_RELEASE\NETWORKING.O
C:\RSDKV4-PS3\RSDKV4-PS3\RSDKV4\RSDKV4\PS3_RELEASE\OBJECT.O
C:\RSDKV4-PS3\RSDKV4-PS3\RSDKV4\RSDKV4\PS3_RELEASE\PALETTE.O
C:\RSDKV4-PS3\RSDKV4-PS3\RSDKV4\RSDKV4\PS3_RELEASE\READER.O
C:\RSDKV4-PS3\RSDKV4-PS3\RSDKV4\RSDKV4\PS3_RELEASE\RENDERER.O
C:\RSDKV4-PS3\RSDKV4-PS3\RSDKV4\RSDKV4\PS3_RELEASE\RETROENGINE.O
C:\RSDKV4-PS3\RSDKV4-PS3\RSDKV4\RSDKV4\PS3_RELEASE\SCENE.O
C:\RSDKV4-PS3\RSDKV4-PS3\RSDKV4\RSDKV4\PS3_RELEASE\SCENE3D.O
C:\RSDKV4-PS3\RSDKV4-PS3\RSDKV4\RSDKV4\PS3_RELEASE\SCRIPT.O
C:\RSDKV4-PS3\RSDKV4-PS3\RSDKV4\RSDKV4\PS3_RELEASE\SPRITE.O
C:\RSDKV4-PS3\RSDKV4-PS3\RSDKV4\RSDKV4\PS3_RELEASE\STRING.O
C:\RSDKV4-PS3\RSDKV4-PS3\RSDKV4\RSDKV4\PS3_RELEASE\TEXT.O
C:\RSDKV4-PS3\RSDKV4-PS3\RSDKV4\RSDKV4\PS3_RELEASE\UPNP.O
C:\RSDKV4-PS3\RSDKV4-PS3\RSDKV4\RSDKV4\PS3_RELEASE\USERDATA.O
C:\RSDKV4-PS3\RSDKV4-PS3\RSDKV4\RSDKV4\PS3_RELEASE\DEBUG.O
C:\RSDKv4-PS3\RSDKv4-PS3\RSDKv4\RSDKv4\PS3_Release\All.o
C:\RSDKv4-PS3\RSDKv4-PS3\RSDKv4\RSDKv4\PS3_Release\Animation.o
C:\RSDKv4-PS3\RSDKv4-PS3\RSDKv4\RSDKv4\PS3_Release\Audio.o
C:\RSDKv4-PS3\RSDKv4-PS3\RSDKv4\RSDKv4\PS3_Release\AudioPS3.o
C:\RSDKv4-PS3\RSDKv4-PS3\RSDKv4\RSDKv4\PS3_Release\BackgroundLoader.o
C:\RSDKv4-PS3\RSDKv4-PS3\RSDKv4\RSDKv4\PS3_Release\Collision.o
C:\RSDKv4-PS3\RSDKv4-PS3\RSDKv4\RSDKv4\PS3_Release\Debug.o
C:\RSDKv4-PS3\RSDKv4-PS3\RSDKv4\RSDKv4\PS3_Release\Drawing.o
C:\RSDKv4-PS3\RSDKv4-PS3\RSDKv4\RSDKv4\PS3_Release\fcaseopen.o
C:\RSDKv4-PS3\RSDKv4-PS3\RSDKv4\RSDKv4\PS3_Release\Ini.o
C:\RSDKv4-PS3\RSDKv4-PS3\RSDKv4\RSDKv4\PS3_Release\Input.o
C:\RSDKv4-PS3\RSDKv4-PS3\RSDKv4\RSDKv4\PS3_Release\main.o
C:\RSDKv4-PS3\RSDKv4-PS3\RSDKv4\RSDKv4\PS3_Release\Math.o
C:\RSDKv4-PS3\RSDKv4-PS3\RSDKv4\RSDKv4\PS3_Release\ModAPI.o
C:\RSDKv4-PS3\RSDKv4-PS3\RSDKv4\RSDKv4\PS3_Release\Networking.o
C:\RSDKv4-PS3\RSDKv4-PS3\RSDKv4\RSDKv4\PS3_Release\Object.o
C:\RSDKv4-PS3\RSDKv4-PS3\RSDKv4\RSDKv4\PS3_Release\Palette.o
C:\RSDKv4-PS3\RSDKv4-PS3\RSDKv4\RSDKv4\PS3_Release\Reader.o
C:\RSDKv4-PS3\RSDKv4-PS3\RSDKv4\RSDKv4\PS3_Release\Renderer.o
C:\RSDKv4-PS3\RSDKv4-PS3\RSDKv4\RSDKv4\PS3_Release\RetroEngine.o
C:\RSDKv4-PS3\RSDKv4-PS3\RSDKv4\RSDKv4\PS3_Release\Scene.o
C:\RSDKv4-PS3\RSDKv4-PS3\RSDKv4\RSDKv4\PS3_Release\Scene3D.o
C:\RSDKv4-PS3\RSDKv4-PS3\RSDKv4\RSDKv4\PS3_Release\Script.o
C:\RSDKv4-PS3\RSDKv4-PS3\RSDKv4\RSDKv4\PS3_Release\Sprite.o
C:\RSDKv4-PS3\RSDKv4-PS3\RSDKv4\RSDKv4\PS3_Release\String.o
C:\RSDKv4-PS3\RSDKv4-PS3\RSDKv4\RSDKv4\PS3_Release\Text.o
C:\RSDKv4-PS3\RSDKv4-PS3\RSDKv4\RSDKv4\PS3_Release\UPnP.o
C:\RSDKv4-PS3\RSDKv4-PS3\RSDKv4\RSDKv4\PS3_Release\Userdata.o
C:\RSDKv4-PS3\RSDKv4-PS3\RSDKv4\RSDKv4\PS3_Release\ps3ppuld64.command.1.tlog
C:\RSDKv4-PS3\RSDKv4-PS3\RSDKv4\RSDKv4\PS3_Release\ps3ppuld64.read.1.tlog
C:\RSDKv4-PS3\RSDKv4-PS3\RSDKv4\RSDKv4\PS3_Release\ps3ppuld64.write.1.tlog
C:\RSDKv4-PS3\RSDKv4-PS3\RSDKv4\RSDKv4\PS3_Release\ps3ppusnc.command.1.tlog
C:\RSDKv4-PS3\RSDKv4-PS3\RSDKv4\RSDKv4\PS3_Release\ps3ppusnc.read.1.tlog
C:\RSDKv4-PS3\RSDKv4-PS3\RSDKv4\RSDKv4\PS3_Release\ps3ppusnc.write.1.tlog
